[2025-01-19 11:21:58] production.ERROR: The provided cwd "D:\School Code\Capstone 2\Razzrel Events\01_10_25\latest code finale\backend\public" does not exist. {"exception":"[object] (Symfony\\Component\\Process\\Exception\\RuntimeException(code: 0): The provided cwd \"D:\\School Code\\Capstone 2\\Razzrel Events\\01_10_25\\latest code finale\\backend\\public\" does not exist. at D:\\School Code\\Capstone 2\\Razzrel Events\\01_10_25\\latest code finale\\backend\\vendor\\symfony\\process\\Process.php:344)
[stacktrace]
#0 D:\\School Code\\Capstone 2\\Razzrel Events\\01_10_25\\latest code finale\\backend\\vendor\\laravel\\framework\\src\\Illuminate\\Foundation\\Console\\ServeCommand.php(153): Symfony\\Component\\Process\\Process->start(Object(Closure))
#1 D:\\School Code\\Capstone 2\\Razzrel Events\\01_10_25\\latest code finale\\backend\\vendor\\laravel\\framework\\src\\Illuminate\\Foundation\\Console\\ServeCommand.php(100): Illuminate\\Foundation\\Console\\ServeCommand->startProcess(true)
#2 D:\\School Code\\Capstone 2\\Razzrel Events\\01_10_25\\latest code finale\\backend\\vendor\\laravel\\framework\\src\\Illuminate\\Container\\BoundMethod.php(36): Illuminate\\Foundation\\Console\\ServeCommand->handle()
#3 D:\\School Code\\Capstone 2\\Razzrel Events\\01_10_25\\latest code finale\\backend\\vendor\\laravel\\framework\\src\\Illuminate\\Container\\Util.php(41): Illuminate\\Container\\BoundMethod::Illuminate\\Container\\{closure}()
#4 D:\\School Code\\Capstone 2\\Razzrel Events\\01_10_25\\latest code finale\\backend\\vendor\\laravel\\framework\\src\\Illuminate\\Container\\BoundMethod.php(93): Illuminate\\Container\\Util::unwrapIfClosure(Object(Closure))
#5 D:\\School Code\\Capstone 2\\Razzrel Events\\01_10_25\\latest code finale\\backend\\vendor\\laravel\\framework\\src\\Illuminate\\Container\\BoundMethod.php(35): Illuminate\\Container\\BoundMethod::callBoundMethod(Object(Illuminate\\Foundation\\Application), Array, Object(Closure))
#6 D:\\School Code\\Capstone 2\\Razzrel Events\\01_10_25\\latest code finale\\backend\\vendor\\laravel\\framework\\src\\Illuminate\\Container\\Container.php(661): Illuminate\\Container\\BoundMethod::call(Object(Illuminate\\Foundation\\Application), Array, Array, NULL)
#7 D:\\School Code\\Capstone 2\\Razzrel Events\\01_10_25\\latest code finale\\backend\\vendor\\laravel\\framework\\src\\Illuminate\\Console\\Command.php(183): Illuminate\\Container\\Container->call(Array)
#8 D:\\School Code\\Capstone 2\\Razzrel Events\\01_10_25\\latest code finale\\backend\\vendor\\symfony\\console\\Command\\Command.php(291): Illuminate\\Console\\Command->execute(Object(Symfony\\Component\\Console\\Input\\ArgvInput), Object(Illuminate\\Console\\OutputStyle))
#9 D:\\School Code\\Capstone 2\\Razzrel Events\\01_10_25\\latest code finale\\backend\\vendor\\laravel\\framework\\src\\Illuminate\\Console\\Command.php(152): Symfony\\Component\\Console\\Command\\Command->run(Object(Symfony\\Component\\Console\\Input\\ArgvInput), Object(Illuminate\\Console\\OutputStyle))
#10 D:\\School Code\\Capstone 2\\Razzrel Events\\01_10_25\\latest code finale\\backend\\vendor\\symfony\\console\\Application.php(1014): Illuminate\\Console\\Command->run(Object(Symfony\\Component\\Console\\Input\\ArgvInput), Object(Symfony\\Component\\Console\\Output\\ConsoleOutput))
#11 D:\\School Code\\Capstone 2\\Razzrel Events\\01_10_25\\latest code finale\\backend\\vendor\\symfony\\console\\Application.php(301): Symfony\\Component\\Console\\Application->doRunCommand(Object(Illuminate\\Foundation\\Console\\ServeCommand), Object(Symfony\\Component\\Console\\Input\\ArgvInput), Object(Symfony\\Component\\Console\\Output\\ConsoleOutput))
#12 D:\\School Code\\Capstone 2\\Razzrel Events\\01_10_25\\latest code finale\\backend\\vendor\\symfony\\console\\Application.php(171): Symfony\\Component\\Console\\Application->doRun(Object(Symfony\\Component\\Console\\Input\\ArgvInput), Object(Symfony\\Component\\Console\\Output\\ConsoleOutput))
#13 D:\\School Code\\Capstone 2\\Razzrel Events\\01_10_25\\latest code finale\\backend\\vendor\\laravel\\framework\\src\\Illuminate\\Console\\Application.php(102): Symfony\\Component\\Console\\Application->run(Object(Symfony\\Component\\Console\\Input\\ArgvInput), Object(Symfony\\Component\\Console\\Output\\ConsoleOutput))
#14 D:\\School Code\\Capstone 2\\Razzrel Events\\01_10_25\\latest code finale\\backend\\vendor\\laravel\\framework\\src\\Illuminate\\Foundation\\Console\\Kernel.php(155): Illuminate\\Console\\Application->run(Object(Symfony\\Component\\Console\\Input\\ArgvInput), Object(Symfony\\Component\\Console\\Output\\ConsoleOutput))
#15 D:\\School Code\\Capstone 2\\Razzrel Events\\01_10_25\\latest code finale\\backend\\artisan(35): Illuminate\\Foundation\\Console\\Kernel->handle(Object(Symfony\\Component\\Console\\Input\\ArgvInput), Object(Symfony\\Component\\Console\\Output\\ConsoleOutput))
#16 {main}
"} 
